# JRE version: OpenJDK Runtime Environment JBR-17.0.8.1+7-1059.3-nomod (17.0.8.1+7) (build 17.0.8.1+7-b1059.3)
# Java VM: OpenJDK 64-Bit Server VM JBR-17.0.8.1+7-1059.3-nomod (17.0.8.1+7-b1059.3, mixed mode, tiered, compressed oops, compressed class ptrs, g1 gc, windows-amd64)
GC Precious Log:
 CPUs: 8 total, 8 available
 Memory: 7934M
 Large Page Support: Disabled
 NUMA Support: Disabled
 Compressed Oops: Enabled (32-bit)
 Heap Region Size: 1M
 Heap Min Capacity: 8M
 Heap Initial Capacity: 124M
 Heap Max Capacity: 1984M
 Pre-touch: Disabled
 Parallel Workers: 8
 Concurrent Workers: 2
 Concurrent Refinement Workers: 8
 Periodic GC: Disabled
Heap:
 garbage-first heap   total 75776K, used 43359K [0x0000000084000000, 0x0000000100000000)
  region size 1024K, 1 young (1024K), 1 survivors (1024K)
 Metaspace       used 32075K, committed 32320K, reserved 1114112K
  class space    used 4111K, committed 4224K, reserved 1048576K
GC Heap History (20 events):
Event: 2.286 GC heap after
{Heap after GC invocations=4 (full 0):
 garbage-first heap   total 55296K, used 19464K [0x0000000084000000, 0x0000000100000000)
  region size 1024K, 4 young (4096K), 4 survivors (4096K)
 Metaspace       used 27746K, committed 27968K, reserved 1114112K
  class space    used 3601K, committed 3712K, reserved 1048576K
}
Event: 9.590 GC heap before
{Heap before GC invocations=4 (full 0):
 garbage-first heap   total 55296K, used 38920K [0x0000000084000000, 0x0000000100000000)
  region size 1024K, 17 young (17408K), 4 survivors (4096K)
 Metaspace       used 31119K, committed 31360K, reserved 1114112K
  class space    used 4055K, committed 4160K, reserved 1048576K
}
Event: 9.599 GC heap after
{Heap after GC invocations=5 (full 0):
 garbage-first heap   total 55296K, used 23434K [0x0000000084000000, 0x0000000100000000)
  region size 1024K, 2 young (2048K), 2 survivors (2048K)
 Metaspace       used 31119K, committed 31360K, reserved 1114112K
  class space    used 4055K, committed 4160K, reserved 1048576K
}
Event: 11.621 GC heap before
{Heap before GC invocations=5 (full 0):
 garbage-first heap   total 55296K, used 26506K [0x0000000084000000, 0x0000000100000000)
  region size 1024K, 4 young (4096K), 2 survivors (2048K)
 Metaspace       used 31255K, committed 31552K, reserved 1114112K
  class space    used 4069K, committed 4160K, reserved 1048576K
}
Event: 11.623 GC heap after
{Heap after GC invocations=6 (full 0):
 garbage-first heap   total 55296K, used 25750K [0x0000000084000000, 0x0000000100000000)
  region size 1024K, 1 young (1024K), 1 survivors (1024K)
 Metaspace       used 31255K, committed 31552K, reserved 1114112K
  class space    used 4069K, committed 4160K, reserved 1048576K
}
Event: 11.670 GC heap before
{Heap before GC invocations=7 (full 0):
 garbage-first heap   total 55296K, used 28822K [0x0000000084000000, 0x0000000100000000)
  region size 1024K, 2 young (2048K), 1 survivors (1024K)
 Metaspace       used 31266K, committed 31552K, reserved 1114112K
  class space    used 4071K, committed 4160K, reserved 1048576K
}
Event: 11.671 GC heap after
{Heap after GC invocations=8 (full 0):
 garbage-first heap   total 55296K, used 28658K [0x0000000084000000, 0x0000000100000000)
  region size 1024K, 1 young (1024K), 1 survivors (1024K)
 Metaspace       used 31266K, committed 31552K, reserved 1114112K
  class space    used 4071K, committed 4160K, reserved 1048576K
}
Event: 11.703 GC heap before
{Heap before GC invocations=9 (full 0):
 garbage-first heap   total 58368K, used 32754K [0x0000000084000000, 0x0000000100000000)
  region size 1024K, 2 young (2048K), 1 survivors (1024K)
 Metaspace       used 31349K, committed 31552K, reserved 1114112K
  class space    used 4080K, committed 4160K, reserved 1048576K
}
Event: 11.704 GC heap after
{Heap after GC invocations=10 (full 0):
 garbage-first heap   total 58368K, used 29625K [0x0000000084000000, 0x0000000100000000)
  region size 1024K, 1 young (1024K), 1 survivors (1024K)
 Metaspace       used 31349K, committed 31552K, reserved 1114112K
  class space    used 4080K, committed 4160K, reserved 1048576K
}
Event: 12.004 GC heap before
{Heap before GC invocations=11 (full 0):
 garbage-first heap   total 58368K, used 35769K [0x0000000084000000, 0x0000000100000000)
  region size 1024K, 6 young (6144K), 1 survivors (1024K)
 Metaspace       used 31639K, committed 31936K, reserved 1114112K
  class space    used 4097K, committed 4224K, reserved 1048576K
}
Event: 12.008 GC heap after
{Heap after GC invocations=12 (full 0):
 garbage-first heap   total 58368K, used 33364K [0x0000000084000000, 0x0000000100000000)
  region size 1024K, 2 young (2048K), 2 survivors (2048K)
 Metaspace       used 31639K, committed 31936K, reserved 1114112K
  class space    used 4097K, committed 4224K, reserved 1048576K
}
Event: 12.075 GC heap before
{Heap before GC invocations=13 (full 0):
 garbage-first heap   total 61440K, used 35412K [0x0000000084000000, 0x0000000100000000)
  region size 1024K, 3 young (3072K), 2 survivors (2048K)
 Metaspace       used 31726K, committed 32000K, reserved 1114112K
  class space    used 4101K, committed 4224K, reserved 1048576K
}
Event: 12.078 GC heap after
{Heap after GC invocations=14 (full 0):
 garbage-first heap   total 61440K, used 35896K [0x0000000084000000, 0x0000000100000000)
  region size 1024K, 1 young (1024K), 1 survivors (1024K)
 Metaspace       used 31726K, committed 32000K, reserved 1114112K
  class space    used 4101K, committed 4224K, reserved 1048576K
}
Event: 13.589 GC heap before
{Heap before GC invocations=15 (full 0):
 garbage-first heap   total 63488K, used 36920K [0x0000000084000000, 0x0000000100000000)
  region size 1024K, 3 young (3072K), 1 survivors (1024K)
 Metaspace       used 31854K, committed 32128K, reserved 1114112K
  class space    used 4110K, committed 4224K, reserved 1048576K
}
Event: 13.592 GC heap after
{Heap after GC invocations=16 (full 0):
 garbage-first heap   total 63488K, used 35903K [0x0000000084000000, 0x0000000100000000)
  region size 1024K, 1 young (1024K), 1 survivors (1024K)
 Metaspace       used 31854K, committed 32128K, reserved 1114112K
  class space    used 4110K, committed 4224K, reserved 1048576K
}
Event: 15.590 GC heap before
{Heap before GC invocations=17 (full 0):
 garbage-first heap   total 66560K, used 39999K [0x0000000084000000, 0x0000000100000000)
  region size 1024K, 4 young (4096K), 1 survivors (1024K)
 Metaspace       used 32020K, committed 32256K, reserved 1114112K
  class space    used 4110K, committed 4224K, reserved 1048576K
}
Event: 15.593 GC heap after
{Heap after GC invocations=18 (full 0):
 garbage-first heap   total 66560K, used 38318K [0x0000000084000000, 0x0000000100000000)
  region size 1024K, 1 young (1024K), 1 survivors (1024K)
 Metaspace       used 32020K, committed 32256K, reserved 1114112K
  class space    used 4110K, committed 4224K, reserved 1048576K
}
Event: 16.383 GC heap before
{Heap before GC invocations=19 (full 0):
 garbage-first heap   total 70656K, used 40366K [0x0000000084000000, 0x0000000100000000)
  region size 1024K, 2 young (2048K), 1 survivors (1024K)
 Metaspace       used 32054K, committed 32320K, reserved 1114112K
  class space    used 4110K, committed 4224K, reserved 1048576K
}
Event: 16.386 GC heap after
{Heap after GC invocations=20 (full 0):
 garbage-first heap   total 70656K, used 38223K [0x0000000084000000, 0x0000000100000000)
  region size 1024K, 1 young (1024K), 1 survivors (1024K)
 Metaspace       used 32054K, committed 32320K, reserved 1114112K
  class space    used 4110K, committed 4224K, reserved 1048576K
}
Event: 16.423 GC heap before
{Heap before GC invocations=21 (full 0):
 garbage-first heap   total 75776K, used 43343K [0x0000000084000000, 0x0000000100000000)
  region size 1024K, 2 young (2048K), 1 survivors (1024K)
 Metaspace       used 32075K, committed 32320K, reserved 1114112K
  class space    used 4111K, committed 4224K, reserved 1048576K
}

